Plots of Runtime Information and Parameter Trends during Burnin 
========================================
=BURNIN-PERIOD===============================
STEP # 194094900  p(D|G): -736.927 p(G): 326.006

Update Rates -- Population Splitting Times
------------------------------------------
Update Type:	NielsenWakeley		RannalaYang	
            	#Tries	#Accp	%	#Tries	#Accp	%
 t0           	9.71e7	8.92e7	91.92	9.70e7	6.01e7	61.94

Update Rates -- Genealogies
---------------------------
Update Type:	branch     		topology   		tmrca      	
            	#Tries	#Accp	%	#Tries	#Accp	%	#Tries	#Accp	%
 gtree_0      	1.94e8	4.54e7	23.38	1.94e8	3.22e7	16.58	1.94e8	4.15e5	0.21

Current Splitting Time Values
------------------------------
Split times   t0: 1.624


Autocorrelations and Effective Sample Size Estimates
----------------------------------------------------
   # Steps Between Values and Autocorrelation Estimates 
	Steps 	 Log[P]	 t0	 tmrca0
	1	 0.9915	 0.8189	 0.9214
	10	 0.9583	 0.2092	 0.6039
	50	 0.9379	 0.0144	 0.4160
	100	 0.9343	 0.0012	 0.3926
	500	 0.9215	 0.0009	 0.3486
	1000	 0.9135	 0.0033	 0.3242
	5000	 0.9135	 0.0033	 0.3242
	10000	 0.9135	 0.0033	 0.3241
	5.0e4	 0.9135	 0.0033	 0.3240
	1.0e5	 0.9135	 0.0033	 0.3239
	5.0e5	 0.9135	 0.0033	 0.3242
	1.0e6	 0.9134	 0.0034	 0.3241
	ESS	< 106	10423837	< 299
========================================

Current Step #: 194094900 

Log[P(G)+P(D|G)] trend 
   232.9  |                                                                        *                                                                  
          |                                                                                                                                           
          |                                                                                                                                           
          |                                                                                                                                           
          |                                                     *        *                                                                            
          |                                                                                                                                           
          |                                                        *                                                                                  
          |                                                                                            *                                              
          |                                                                                                                   *                       
          |                                                        *                                                                                  
          |          *                                                                                                                                
          |                                                                                                                                           
          |                                                                                             *                                             
          |                                                                                                                *                     *    
          |                       *                                         *                                                                    *    
          |                                *                                                           *        *                         *           
          |                                                                                      *                                                    
          |              *                                         *                                             *                                    
          |                  **       *                           *       *        *                  *                              *                
          |                                      *                                *      *            * *                                        *    
          |                   *     * *     *                  *   *    *           *       **                                * *                   * 
          |                    *                               *        * *                *      *                  *       * *                      
          |                  *              *          *  *             *                         **   *                  *                           
          |                            *    *                            *     *           *  *      *  *  *                                          
          |   * *    *                              *    *               *      * *        *                         *         *            *      *  
          |                           *                 *                   *              *            *                    **                   *   
          | *           *          * *        *      **     *     * *           *    *               * *                 **  *   * *  **       *      
          |               *    *   *   *        * *   * *                           *  *    **    *              **        **   *  **  *              
          | *   *      * *  *    *   *             *    **   *                **                             *      ***                     * *       
          | *  * **    ****         *        *  * *  *        * **        *  *          ***        *      ** *    **        *  *                 ** * 
          | *         **   *   *     *   *       *   *  ***         *   *  *  *       * * * *   *  **     *   **            **         *  * * *     * 
          |  * * * * *      *    *         * **   *              *  ***    *       ***        * *        *        * *  *   *        * *  *         *  
          |  *    * *               * * *  *     * **  *   *  *  *        * *  *  *   * * *  *  * **        *        * * ** *        *                
          |           *    ** * *      * *** * *    * *     ***      **      *  **    * *      **               *   *  *                **     *  * * 
          |*  ** *             *** **   *     ***   *  *    *   * *  *          *    *   *       *   *      *  **  *  * *         *  *  **   *     *  
          |  ** * *** *  *** *  ****      * *   **    *              ***   * **  *    **       *     *   ** ** *      * ***     *** * *    * ** *     
          |  *      *             *      **   **   *      *    **     **         **           *     *    ** *       *            ** *  *  *  * *      
-769.1576 |         *     *   *         **                 * *               **        *     * *              *   *      *     * * *       *   **     
          -----------------------------*------------------------------------------------------------------------------------------------------*------ 

t0 trend 
   9.999  |                      *                                                                                                                    
          |       *                    *        *               *         *                             *                      *             *        
          |    ***      * *    *      *        *      *      *     *              **   *        *   ** *          *      *           *   **           
          |          *     *    * * *                   *              *    *    *    **  *     **        *       ** *  *              *              
          |       *          * *            *    *     *      *  *    *     *     *     *              **    *                 *               **     
          |  *                        *  *   *     *                         ***        *    *             *  *                 *                     
          | *      *             *                 * *   *                *        *   *                            *                                 
          |  *            *               *                   ***   * *              *   ****     *                 *           *         *           
          |           *                                     *    * **      *     *  *                            *                *                   
          |                                      *                               *                     *       *            *                         
          |      *     *          *    *          **                          * *                           *    * *      *       **   * *    **      
          |                     *                      *          *       *         *        *        *                    **     *               *   
          | *     *                         *          *   * *      * *                              *          *                   ****  *      *    
          |      *          *               *    *                              * *                   *                                           *   
          |    *  * *         *            * *      *      *         *                       *     *    *      *    ****         *                *   
          |      *       **             *      *           *  * *              *    * *   **      *    **    *         *     * *                      
          |  **          *          *               *       *                                                       *        *      *  *    *         
          |                      *              *    *    *                  *        *                  *    *                     *               * 
          |                    *     * *      *      *               *                                   *  *        *   *  *    *         *          
          |  **     ** *           *        *                     *                     *      *  **                     *      *        *     **     
          |           *    *                                            *                          *           *   *                  *        * *    
          |    *    *       * *          *       *  * *               ** *  *                 * *                       *        *    *    *     *  * 
          |           *  *                **          *  *        *                                   *                       *         *   *      *  
          |         *                    * *          *            *          * *              *           * *               *              *    *    
          |            *       *        *    *            *              *        *  *  *   *        *        *   *       *                        *  
          |          *    *        *  *                   *     *                  *           *                          *        *      *           
          |                *     *            *         *     *            *                                    **                      *             
          |    *             *                                       *          *    *        *  *              *     ***   *    *   *                
          |           *     * *     *   *               **                 *              *      *   *                *    *                 **       
          |     *                    *     *            *                *            *                                  **         *              *  
          |                 *      *              *                       *          *     *                    *    *       ***      *            *  
          |                       * *           *  *           *   *                        *             *                       *         * *       
          |                          *            *          *               *                            *                                   *       
          |*       *                  *        *                        *  *                                **             *            *             
          |     *  *   *      *                          *   *                 *              **    *                                                 
          |             *                     * *          *         *                                     *   *                         * * *      * 
          |*                              *                 *                            *   *    *      ** *     *                                   
  0.7037  |             *    *  *                              *                                   **                         *    *            *   * 
          ------------------------------------------*------------*----------------------------------------------------------------------------------- 

0_Ka trend 
   99.77  |                     *                                                                                                                     
          |  *     * *                    *     * *   *     **    * * *               **        *       *   *        *         *   *      * *       * 
          |                               *   *       *       *  *  *     *           *   **         *    *       *              **    *        *     
          |                                      *                    *                *           *               *      **                          
          |               *            *      *         *      *                          * * *            ** *                            *        * 
          |*               **     *      *   * *       * *      *             *        *    *                               * ***   *   *             
          |*              **   *    **         **   *              *   *                   * *           * * *     ** *    *              *       * * 
          |                        *     *  *         *       *           *       *  *  *  *       *                 *                 *              
          |    *     *            *                        *  *            *      * *    *       **    *  *         *                 **              
          |      *     *           *         *                              **                                              *    * *     *            
          |        *  *       *   *         *       *   *                  *    *   **                        *        *                      *    *  
          | **   *                           *       *    *  *                          *      *        *                *          *        *        
          |            *                           *      *             *          *                   *  *                      *   *         *      
          |                                **      **    *                      *       *                 *  *  *   *    * * *                   *    
          |              *    *      *           * *            *    *        *  * *                  *              *    *          *  *             
          |  *        * *      *          *                             ** *  * *  *      *                    * *     *                   *    *     
          |      *      *           * *                  *       *       *                        *         *   *     **  *    *           *          
          |                              *                      *            * *     *                                                   *     *      
          |   *                          *  *          **    *       *    *                                  *    *     *             *           *   
          |    *      *                 *            *                  *    *   *           *  *  *    *                    *            *   * *  ** 
          |    *       *  *                                *                 * *               *     * *   **            *               *   *     *  
          |       *                                                                          *   **           *  *  *              *        *         
          |   *  *  *                            **  *       *                       *   ***   *                       *             *                
          |   *          *  *        **       *   *                         *  *               *               *          * ** *                      
          |     *  *     *            *        *           **        **                             *           *           * * **            ** **   
          |          *       *         *         *             *  *                 *   *            *   *   *  * *                       *  *     *  
          | *     * *            *     **              *                  *                 *                                                 *       
          |            *               *                       * *                 *          * *                 *                     *        *    
          |               *  **                               *    *   *                     **                          *            *               
          |              *         **      *          *    **            *  *         *          *                    *      *    *                   
          |             *   *   **      *  *                       *            * *                 *                         * *                     
          |                 *  * *                                                                                                                    
          |           *            *  *                          *                                     **          * *  *             **    *    *    
          |                *                       *               *              *                *  *                 *           *       *         
          |  *    *             **              *                 *     *                         *   *  *     *                               *      
          | *       *                      *                                                         *                                                
          |     *            * *    *         * *   *   **          **     *             *                     *                  *                   
  3.9137  |     *                                                                                                                                     
          -----*--*---------------------------------------------------*-------------------------*---------------------------------*------------------ 

