Plots of Runtime Information and Parameter Trends during Burnin 
========================================
=BURNIN-PERIOD===============================
STEP # 157582424  p(D|G): -735.190 p(G): 367.541

Update Rates -- Population Splitting Times
------------------------------------------
Update Type:	NielsenWakeley		RannalaYang	
            	#Tries	#Accp	%	#Tries	#Accp	%
 t0           	7.88e7	7.21e7	91.55	7.88e7	4.84e7	61.47

Update Rates -- Genealogies
---------------------------
Update Type:	branch     		topology   		tmrca      	
            	#Tries	#Accp	%	#Tries	#Accp	%	#Tries	#Accp	%
 gtree_0      	1.58e8	3.65e7	23.19	1.58e8	2.59e7	16.45	1.58e8	3.49e5	0.22

Current Splitting Time Values
------------------------------
Split times   t0: 4.648


Autocorrelations and Effective Sample Size Estimates
----------------------------------------------------
   # Steps Between Values and Autocorrelation Estimates 
	Steps 	 Log[P]	 t0	 tmrca0
	1	 0.9934	 0.8226	 0.9284
	10	 0.9678	 0.2212	 0.6423
	50	 0.9516	 0.0244	 0.4787
	100	 0.9487	 0.0163	 0.4553
	500	 0.9377	 0.0115	 0.4099
	1000	 0.9283	 0.0111	 0.3776
	5000	 0.9282	 0.0111	 0.3776
	10000	 0.9282	 0.0111	 0.3776
	5.0e4	 0.9282	 0.0111	 0.3776
	1.0e5	 0.9283	 0.0111	 0.3777
	5.0e5	 0.9282	 0.0111	 0.3781
	1.0e6	 0.9283	 0.0111	 0.3787
	ESS	< 85	8190025	< 208
========================================

Current Step #: 157582424 

Log[P(G)+P(D|G)] trend 
    1980  |                                                                                                       *                                   
          |                                                                                                                                           
          |                                                                                                                                           
          |                                                                                                                                           
          |                                                                                                                                           
          |                                                                                                                                           
          |                                                                                                                                           
          |                                                                                                                                           
          |                                                                                                                                           
          |                                                                                                                                           
          |                                                                                                                                           
          |                                                                                                                                           
          |                                                                                                                                           
          |                                                                                                                                           
          |                                                                                                                                           
          |                                                                                                                                           
          |                                                                                                                                           
          |                                                                                                                                           
          |                                                                                                                                           
          |                                                                                                                                           
          |                                                                                                                                           
          |                                                                                                                                           
          |                                                                                                                                           
          |                                                                                                                                           
          |                                                                                                                                           
          |                                                                                                                                           
          |                      *                                                                                                                    
          |                                                                                                 *                                         
          |                                      **                **                                       *                                         
          |                     **        **    **                                                                *                                   
          |           *                  *  *   * *                                                                  *                 *              
          |      **  **            *      * *                        *                  *   *    *           *    **     *             *              
          |                       **   *   *   * *  *     *        * *             *                   *      **         *      *   **        *       
          |      *                *    *  **   *  * *              ****               *** * *  * *          * *          *     *    *     *   **      
          |   ***** **        ** *   **    *  * *   *   *    * * *  **    * *     *     *  *      *  *     * * * **   *   *  *      * **   * **  *    
          |*     ** *      ****    **   **     *   *    *    *** **    ** *******  * **   **  ***  ***  * *   **** * * *   **   * ****  *      * *  * 
          | ***    * **** * *  ** *  *** *  ***       * ** ** ***     **  ** ****   *     ** **** *  ******  *   *      * **  *  *** ** *** **  * *** 
-756.7547 | * ***  **   *** *  *    *   *   ***    *** * ****** ***     *    *  **** * * * * * *   **  * * * *  *   * ***  ** *****   *  ****  **  *  
          -***------*--*-******-*---*-**-----*--**-*-***-****-*-------*--*-----**-*---**-**--*--*-*-*-*-***-*--**-----*****--***-*-----***-**----***- 

t0 trend 
   9.997  |                                                                                           *                                               
          |*    *            *           *            *        *                        *   *                        *                             *  
          |   *          *   *  *          *             **      *                   *    *   *               *   * *         **          *           
          |       *    *      *        *     *   **        *                       *  *               *           * *     *       *                   
          |                         *     *      *           *    *     *                          *                *                                 
          |    *     **       *                     *       * * *    *            *                            *             *      **      *         
          |                        *  *                              *    *                   *   * **          *                         **     * ** 
          |      *                                  * *      *               ** * * *                    *           *                                
          |               * **             *       *   *                   *         *       *  * **             *   *               * *         ** * 
          |        *                 *   * *         *                    *    *      *                *              ***  *     *           *        
          |*        *    *                                   **       *                    ***         *           *      *                   **      
          |   *             *     *                         *        *                                   *             * *     **     *               
          |          *    *    **  *   *                  *         *            **    ** *       *        **           *           * *   *           
          | *    * **    *              *          *                         *  *                      **  *       *   *           *        *         
          |           *                 *   *     *     *                  * **    *           *             *       *   *                            
          |                    *                                         *      **   *     *                          *                               
          |  *  * *   *     *     *    *       **     *    *             *         *                  *               *                     *         
          |  *   *               *              *    *              *          *      *         **          *               * *                 *     
          |         *            *        *         *   *               *           *        *            *    *            *  *  *         *   *     
          |               *                              *    *    *               *       * *     **            *                     **    *        
          |    *        *     *  *       *                    *                         *        *                                             *  *   
          |             *     *                  *       * *          *           *    * *     *        *                 *  *    *     **     *      
          |                         *   *   *   * *              *     *                  *               *  ** *       *                          *  
          |       *                                      *          *                       *    *        *     *        ** *          * **           
          | *                            *         *             * *   *                       *     *   *    *                            *        * 
          | * *                        *      *                            *               *      *            *  **         *     **                 
          |  *       *             *  *    *  *                 *       *  *   *         *      *    *                                *               
          |    *           *         *                  *               *           *                     *  *                  *          *          
          |              * *       *  *        *                          * *    *     *                *                    *                        
          |      *     *    *       *         * *               ***   *  *      *     *                    *     *     *           *             *    
          | *     *               *                    **    *       *    *                                                      *       *    *   *   
          |                               * *         **  **       *                            *   **      ** **          *   *                   *  
          |         *  **       **           *                                                 *            *                 *     * * *             
          |     *  *                          *             *      *        * *               *                   * *             *                   
          |                          *                         *            * *                                             *                **       
          |    *                                     *         *      **                           *    *                                *    ***     
          |            *                                                             *   *                                                            
  0.4088  |                *        *                           *                         *                                                      *  * 
          ----------------*----*--------------------*------------------------------------------------------------------------------------------------ 

0_Ka trend 
   99.34  |                                                                                                                       *                   
          |                    *       *  *                        *       *            *               *       **  *      *                  *   *   
          |                 *                                                 ***     ** *     *  ** **             *            *     *      ** *    
          |       *   *   *     **        * *              * * *     **                *     *                         *          *  *  *      *      
          |       *      *        *      *   **           *                                  * * *    *               *  *   *       *                
          |          * * *                     *             ** *        *                               *      *  ****   *                           
          |  *       *     *          *                          * **                                                        *                    *   
          |     *                            *                                   *  *                      *    * **      *        **  *              
          |**  *   *                     *            *            **      *             *   *   *        *                                           
          |* *                      *   *   * *    *               *                           *  *  *     **  *       *     *      *           *     
          |                   *            *    *     *                   *      *** *        *          *   *                 *        *           * 
          |   *                    *     *             **         *          *      *         **                                           ** *       
          |     * *     * *         *  **       *        *     **     *                                       *       * *     *                       
          |                          **    *       **      *            *                   *                               *     *      *            
          |           *     *  *       *  **        *                         *      *      *                **  *                                    
          |     ** *   *  *      * *            **   *      *           *  *       **                        *  *       *   *     *                   
          |  *                *             *     *  *              *       *                   *      *       *  *            *    * *   *           
          |         *        **                  *            **                                                                      *   *           
          |   *                  *            *   *      *               *        *  *                    * *               *              *        * 
          |            *          **            *                 *           *                            *                                *         
          |           *    *   **   *              *   *                                  *                                **   *            *        
          | *     *         **                   * ***     * *         *     *          * *                            *                 * *   *      
          |              *     * *                       *                        *                     *        * *      *     *  *  *     *       * 
          |         * *      *                                   *     **          * *     *       *      *   *            * *  **  *        *        
          |   *         **                                  *    *    *   *                 *        *            *              *    * *       *  *  
          |      *      *         *            *        *     *          *   * *  *    *          * *        * *  *      *                  *       * 
          |                          *         *      * *                          *       *    **  *                *         *                      
          |    *           *        ***    *              *                           *      *        *  *  *                      *     *            
          |                                           * *                   * *                                     *    *                       *    
          |            *    *      *                                 **                   *            *             *  *                        ***  
          | *    *  **                                               * *        **              *       *            *         * *     *      *       
          |  *                           *                ***                           *          *    *                     *      * *         *    
          |      *                    * *     *                 * *            **       *  *    *      *    *                 *                       
          |    *    *                  *    *                             *           *       *     *                                                 
          | *                                    *                        *     *     *            *                                                  
          |                     *            *    *             *           *                                  *                             *  *  *  
          |        *          *                              *   *                        *                                                    *      
  2.3856  |                                                   *                                                                                       
          ---------------------------------------------*-------------*-----------------------------------------------------------------------------*- 

