Plots of Runtime Information and Parameter Trends during Burnin 
========================================
=BURNIN-PERIOD===============================
STEP # 156179022  p(D|G): -735.663 p(G): 152.149

Update Rates -- Population Splitting Times
------------------------------------------
Update Type:	NielsenWakeley		RannalaYang	
            	#Tries	#Accp	%	#Tries	#Accp	%
 t0           	7.81e7	7.14e7	91.37	7.81e7	4.75e7	60.85

Update Rates -- Genealogies
---------------------------
Update Type:	branch     		topology   		tmrca      	
            	#Tries	#Accp	%	#Tries	#Accp	%	#Tries	#Accp	%
 gtree_0      	1.56e8	3.46e7	22.18	1.56e8	2.46e7	15.78	1.56e8	3.20e5	0.20

Current Splitting Time Values
------------------------------
Split times   t0: 7.107


Autocorrelations and Effective Sample Size Estimates
----------------------------------------------------
   # Steps Between Values and Autocorrelation Estimates 
	Steps 	 Log[P]	 t0	 tmrca0
	1	 0.9943	 0.8233	 0.9320
	10	 0.9723	 0.2267	 0.6634
	50	 0.9575	 0.0247	 0.5078
	100	 0.9544	 0.0163	 0.4889
	500	 0.9436	 0.0139	 0.4469
	1000	 0.9332	 0.0058	 0.4210
	5000	 0.9332	 0.0057	 0.4210
	10000	 0.9332	 0.0056	 0.4210
	5.0e4	 0.9332	 0.0056	 0.4211
	1.0e5	 0.9332	 0.0055	 0.4212
	5.0e5	 0.9334	 0.0055	 0.4216
	1.0e6	 0.9336	 0.0056	 0.4221
	ESS	< 84	8001544	< 185
========================================

Current Step #: 156179022 

Log[P(G)+P(D|G)] trend 
   259.4  |              *                                                                                                                            
          |                                                                                                                                           
          |              *                                                                                                                            
          |                                                                                                                                           
          |                                                                                                                                           
          |               *                                                                                                                           
          |                    *                                                                                                                      
          |                                                                                                                                           
          |                                                                                                                                           
          |               *                                                                  *                                                        
          |                                                                                                                                           
          |    *                     *                                                                                                                
          |               *         * *                                                                         *                                     
          |                         * **                                               *                                                              
          |                                           **                         *                                                                    
          |                          **                                *                     *         *                                              
          |                                                                                                  *                                        
          |    *            *  *            *                               *         *                                                               
          |     *              *                            *                         *      *                                                        
          |                                                                   *                                     *        *                        
          |                                           *                                                  *                                            
          |                   *    *          *  *                                                           *  *                                     
          |      *                              *          *         *      *      *  *                      ** **                                    
          |                    *                         *    *         *                 *                        **                                 
          |  *                * *                           *         *       *                               *   **                                  
          | *         *      *      * *         *                  *    **  * *     *      ***     *    *    *    *                      *            
          |  *  * *      *               * *            **                *                     *              *     *      *  *      *  **           
          |   *  *        *      *                   *  **          **  *    *       *          ****    *      * ***          *           **          
          |* *   *    *  *                  * *   **  **                  *       *               ***          * *   *            *               *   
          | *                          *   *     **        *    ** **     **              *         *   *            *    *  *   *   *       *        
          |     *  * *       **            *      *  *  *                      *         *     *         * *          ***       **     * ** ***       
          |   *                         *     *    *         *     *     *         *  * *  *      *         *                 *** *   ***   *** * *   
          |        *   *   * *  ****           * *        *   * **         * *  ** *          * **   *      *     * * *            *       **    * *  
          |      *** *     *             *  **   * ***       * **    ***      * * *  *  *     **       *  *            *  ** *    *     *      *    * 
          |**  *       **   *   ***        * * *   **        **          *                           **  *             * *  *    * ***   *    *  ** * 
          |       *    **   *    *     ****    **       *  *     *      *    * *  * *  *   **  *     **   ***            ** * *    **         ***  ** 
          | **      * ***  *      *      *  * * *         * * *** *   **   *    ** *     **      *     *  *             ** *** *      ***  **    *  * 
-758.2248 |    *    * *       *    *                * *  * * * *  **      ** *    *        *   **    *               *  * *         * **       **  *  
          ----------*-------------------*-*---------*----------------*---------------*--------------*-*-------------*----------*-*------------------- 

t0 trend 
   9.988  |                                *                                                                                                          
          | *                                           *                     *                                 *         *       *         *    * *  
          |  *     *           *                    **                 *        *                *            *         **             *              
          |     *  *     *     *        *                             **     *  *        *                *      *               *        *  ***      
          |      *  *       *   *   *         *                    *          *  *                               *          *       *              *  
          |                      *                         *      *                                        *           * *      *    *                
          |                      *     *                          * * *                *     *        *       *                 **     *          *   
          |      *                                 ** *                            *           *                                               *   *  
          |                   *             *   *  *         *       *    *       * *      *                                  * *       *       * *   
          |   *             *      *  *  *   *    *                       *                 ** *                     *    *                      *    
          |           *                * * *   *    * **                                          * *       *                              *          
          |            *                                             *   *                          *        *          *      *               *      
          |                *       ***   * *         *   *  *           *   *        *   * **             *   *      *                *          *    
          |   *        *       *      *     *             *    *                      *         *   *       *         *                  *            
          |      *                             *                 * *              *   *                 *    * *  *   *             *                 
          |             *           *                         * *            *               *  *          *              * *     * *           *     
          |  *      **  *                 *           * *  *            *                       *    *       * *    *       *                         
          |               *     * *        *       * *             *  *           **               *                   *                              
          |               *      *                             **        *     *                  *                **         *            *  *     * 
          |    *                         *   *   *         *                  *      **         * *                        *              *           
          |            *                                      *           *    *   *                    *         *          * *        **  *         
          |    *  *      *   *     *             * *             *           *  *      *           *   * *   *               *        *               
          |        *                    *     *       * *    *              *           *    *    *  *            *     * **           *              
          |                          * **       *                   *         *                       *                                               
          |                   *  *   **                  *   *      *   *    *                          *** *  *     *              *  *              
          |  *                                *  *          * * **   *    *            **     *        *        *                 *                 * 
          |           *      **              *           *     * * *                *   *            *   * *    *  *                 *                
          | *       *       *                                        *            *       *   *                                *                    * 
          |                               *    *        * *             *                  *                                     *             *      
          |  *        *  ***                *            *        *                *             *   *      *                  *      * *       * *   
          |       *  *                                          *                   *                  *              **          *      *   *     *  
          | *   *                 *                 *     *                **  *     *  *      *                       *    *              *        * 
          |   **  *     **                  * * *           *              *             *  *  *   *  *           *              *                    
          |     *   *  *          *    *                              *    *              **           *            *         *      *   *  *    *    
          |*   *          **  *       *           *    *                                                  *        *               *                  
          |          *       *            *       *    *                         *   *                          *        *                * **        
          |*                    *  *                       *                              *   *                     *    * *                  *       
  0.7013  | *               *                                **        *              *                                            *      *           
          ------------*--------------------------------------------------*--------------------------------------------------------------------------- 

0_Ka trend 
   99.98  |                               *                                                                                                           
          |  *    *            *   ***              *    *            *    * * *           *  *       *  *   *        *             *     *      *    
          |           * *         *          *      *     *   *    *                 *    *    *             *    *       *       *   *        *      
          |    **           *               *  *           *   **                                                              *   *                  
          |      *  *    *       *            *    *       *             * *    *     *      *               * *     *  *           **         * *    
          |    *         * *   *              *     *  *   *      **           * **    * **   *    *   *             *     *  *          *    ***     
          |                    *       *   * * *        **                              *            *      *      *          **     *   *            
          |        *            *   *            * *                *        **      *       *   *    *    *   *  *            *  *    *  *           
          |                       *                                   *                    *                           *               *              
          |*          *            **    *    * *       * *   *                    **  *                               * *   *              *         
          |                     *         *       *      *       *           *               * *        * *         *    *               *        *   
          |            *    *               *                   *         **                    *                   *      *       *   *              
          |          *  *                        *           *       *   *        *         *   *                           *              *          
          |      *     * *    *  *   **   *                  *            *        *     *       ***    *                   *    **    *    *      *  
          |     * * *                 *  *  *         *      *  *   *      *    *  *       *            *         *      *         *               *  
          |                *    *                                                   *       **                *             * * *               *     
          |          *       *   **             * **          *                       *                          *     *  *                         * 
          |                          *         *          *       *             * *         *                   *     *          *               *    
          |     *           * *         ** *          *              *      *    *        *      * *                    *                     *     * 
          |                  *             *           *    *     *    **               *         ** *           * *                      *        *  
          |*   *                       *   *     *      **     *       *                             *    *  *                             *  *     * 
          |        *                                                  *            **   *                  *          * *                             
          | *                         *                      *     *                                   *       *             *        * *       *     
          |                        *                                    *                     *     *       *   *            * *           * **       
          |   *    *               **            *   *                        *          *                       *                                *   
          |   **    *        *        *                                         *              *         *    *        *  *                 *    *    
          | *             *                       * *   *                                                 *     *  ***                            *   
          |   *   *           *                               *                *                                *                       *             
          |           *                 *     *      *              * *                *        *      *   *              *     *   *          *      
          |  *                              *         *                 *   * *      *          *           *  *  *             * *   *      *        
          | *             *                        *             *   *       *       *     *         *    *                                           
          |           *     * *        **       *          **          *                                                   *         *  *    *        
          |            ** *              *                               *    *       *             *  *      *     *       **                      * 
          |            *                                         *                                                       *       *  *     * *         
          |      *                                   *           * *    *                         * * *                          *                    
          |                    * *           *        **                  *                       *     **                               *            
          | **                                                       *                *                              *                                
  2.2366  |          *                                                                                                                                
          --------------------------------------------------*---------------------------------------------------------------------------------------- 

