Plots of Runtime Information and Parameter Trends during Burnin 
========================================
=BURNIN-PERIOD===============================
STEP # 184219034  p(D|G): -1200.897 p(G): 476.865

Update Rates -- Population Splitting Times
------------------------------------------
Update Type:	NielsenWakeley		RannalaYang	
            	#Tries	#Accp	%	#Tries	#Accp	%
 t0           	9.21e7	2.02e6	2.19	9.21e7	2.89e7	31.42

Update Rates -- Genealogies
---------------------------
Update Type:	branch     		topology   		tmrca      	
            	#Tries	#Accp	%	#Tries	#Accp	%	#Tries	#Accp	%
 gtree_0      	1.84e8	2.64e6	1.43	1.84e8	2.30e6	1.25	1.84e8	9.42e3	0.01

Current Splitting Time Values
------------------------------
Split times   t0: 2.768


Autocorrelations and Effective Sample Size Estimates
----------------------------------------------------
   # Steps Between Values and Autocorrelation Estimates 
	Steps 	 Log[P]	 t0	 tmrca0
	1	 0.9809	 0.9588	 1.0000
	10	 0.9084	 0.8051	 1.0000
	50	 0.8893	 0.7708	 1.0000
	100	 0.8889	 0.7680	 1.0000
	500	 0.8870	 0.7664	 1.0000
	1000	 0.8858	 0.7647	 1.0000
	5000	 0.8858	 0.7648	 1.0000
	10000	 0.8858	 0.7647	 1.0000
	5.0e4	 0.8856	 0.7647	 1.0000
	1.0e5	 0.8855	 0.7646	 1.0000
	5.0e5	 0.8844	 0.7639	 1.0000
	1.0e6	 0.8832	 0.7631	 1.0000
	ESS	< 104	< 121	< 92
========================================

Current Step #: 184219034 

Log[P(G)+P(D|G)] trend 
  -458.9  |                                                                                                               *                           
          |                                                                                                                                           
          |                                                                                                                *                          
          |                                                                                                              *  * *                       
          |                                                        *    *                                                 *  **                       
          |                        *       *                  *   * **                                                      **           *            
          |                       *     *                     ***       *                                                ***   * ***      *           
          |                      *   **                        * *      * *               *                            *     * * *     **   *       * 
          |                       **    ** **  *                * ** * *     *  *   *                               ***    *   *   *                  
          |                         * *   **  *  ** *       * *  * ****   * *                                        ** ***   *** **  ** * *          
          |                  *    **   * **    **  **     *  *  ***  **  ****      *           *                 **** *      *  ***  **   *  *        
          |                 *  *    *  * * * *  *  *         *   *  *  * * * *  *   ***  *     *               * *       *  *           *         *   
          |                  * **   *****   ** * * **    *   *  *      *      *  * *   * **    *               *        *           *     * * ***     
          |                         *       **  ***  *** ***   *           *** *  *                 *           *  *** *            *    * *    *     
          |     **    *       *  *          * *     *** * ****                 * **    ******* ** *           *   *    **         *       *    *   ** 
          |          *      * ****   *    *   *   **  **** *          *         * *  ***   *        *  *     *                          **    ** **   
          |    **     *               *                  *                            *    * *    *  **   ***   *    *          **  ** *    ***     * 
          |                **  **  *          *         *                     *    * **       *  **        ***     *                 *                
          |          **    *  *                        *      *       *      *                  *  *    *  *  *                       *      *    *   
          |    *       *   *     *                   *                           *   *  *   * *    *   *       *                              *  *    
          |           *   *                                                   *             *   **          * *                       *            *  
          |                                                                   *                      *  **  **                                     *  
          |      *                                                                           *       * *                            *                 
          |               *                                                                  *       *  ***                                           
          |* *     **                                                                      *    *  *      *  *                                   * *  
          |      *                                                                                    *   *                                           
          |              *                                                                             * *                                       *    
          |   *    *   *  *                                                                           *                                               
          |  *    * *  * *                                                                                                                            
          |  * * *                                                                                                                                    
          | *                                                                                                                                         
          |** *                                                                                                                                       
          | *     * **                                                                                                                                
          | ****   *                                                                                                                                  
          |             *                                                                                                                             
          |         *    *                                                                                                                            
          |       *    *                                                                                                                              
-1245.3607|              *                                                                                                                            
          --------*---------------------------------------------------------------------------------------------------------------------------------- 

t0 trend 
   9.597  |                                                                                                                         *                 
          |                                                                                                                                           
          |                                                                                                                                           
          |                                                                                                                                           
          |                                                                                                                                           
          |                                                                                                                         *                 
          |                                                                                                                       *  *                
          |                                                                                                                      *  *   *             
          |                                                                                                                                           
          |                                                                                                     *                      * *            
          |                                                                                                                     *                     
          |                                                                                                                           *               
          |                                                                                                    *       **   *                         
          |                                                                                                    *          *                           
          |                                                                                     *                          *       *  * *** *      *  
          |                                                           *                                         * ** *  *     *   **       *          
          |                                                              *    *                                        *       **                 **  
          | *                                                                 *                                 *            *  *                *    
          |                        *                                  *                                * **             ** *   *                 *    
          |                    **                                   *    *    *                            * ***   * * *             * * *    *    *  
          |                *                                    *      *     * *                        ***      ** **   *   * *  *   *      *        
          |                                                   *     *  * *       *         **  *      *     * * *           * *     *  ** * **    *   
          |                     *                              *   *  *                                          ** ****  *    *   *     ***          
          |                                                        * *                           *                 *  *  *** *   *             * *    
          |              * *            *                       *       * *                  **         *** *    *          *    *    **  * *  * *    
          |                 *    *                               *   * *   *   **           * *  *   *  *  * **           * *                 *       
          |         *         * *                  *    *     *   * *** *  *    * *   *      * **      *    *  *    *    *                  *       * 
          |    * *   * **   *    *       *           *          ***          *  * *    **       *  *   *   **                              * ****  *  
          |   *          **   **    *****         *  *         *   * *  * *** *****   * *  *  ***  **   *                                     * *     
          |       * *  *     **  *  ** *   *  *****      *    *   *       *  *       *  ** **    ** ***                                               
          |                 *     **     *****  * **  * *    *  *       *   *      * ** * ** *               *                                    * * 
          | *  * *        *  *    * **   ** *** ** **  ****  *               *        **          **      *                                         * 
          | *      *      * **    * * *   *** *     ***    ** *                    *   * **         **                                                
          |   * * * *  *         *    *        **     **    **                     *      *                                                           
          |* *  *       **                    *           ***                      * *            *   **                                              
          | *****                                                                   *     *                                                           
          |  * * *   ***                                                            *                                                                 
  0.5722  |  *   *  *** **                                                                                                                            
          --------**--------------------------------------------------------------------------------------------------------------------------------- 

0_Ka trend 
   40.08  |                                                                                              *                                            
          |                                                                 *                                                                         
          |                                                      *                                                                                  * 
          |                                                                                     *                                                     
          |                                                                                                                                           
          |                                                                   *                                       *  *                            
          |                                                                                  *                                        *               
          |                             *       *     *              **                     **                *                    *     **           
          |                                                    *                          *                     *  *   *               *        *     
          |                                              *   *         *           *  *    *               *    *       *  *    *         *           
          |                  *        *          * *      *   *       *  *    *   *           **                    *                             *   
          |               **   *      *           * *   *                                 *            *  ***                                         
          |                 *                 **                               *  ***   *  *       *           *    *   **        *            *   *  
          |                *          *  *          *  * *            *    *  *     *   ***    *        * *  * *          *         ** *       *  *   
          |                   * **                      * **   **    *    * *         ***         * **            *** *     *              *  **    * 
          |                       **         **    *   *  * *        *    *            *          *  *  *   *   * *        * * *  *     * **  *       
          |    *         *       *      **  * *            *  *            *     *  *           ***    *    * * *    *      **   *  *    *  *         
          |    *              **   * * *      *  **  *   *         *    **   * ** *           *      **      *        **  *   *       *  *  *         
          |               * * **          *    * *  *         *  *  **             *        *         *             **   *       *  * *            *  
          |        *   *   *  *           ***      *         * * *      *      **    **   *     **       *     * *   *  * * * * *  * * ***         *  
          |            *     *      *           *    **    * *   ***   ** *  *  *        *   *  *        **                      *            * *     
          |  ****            *     * *  **              *  *    *  *   * **          *            ***     *       *        * *    *   *               
          |      * *  *   *            * * * *     *  *  *    *                      *       * *    *        *   *       *    **   *                  
          |     *   ** *          *             * *  * *            *      *      *    * *     *           *       *      *                           
          |  *       *      *          *   * *        *           *        *  *  *                                          *     * *      * *  **    
          |        *  * *   *    *  *                               *                                 **         *                               * *  
          |   * * *               *       *                 *           *    *        *          *                                          *       * 
          |   *  *  *   *       *           *       *              *         *             **           *      *                                    * 
          |      *   **        *                                                *  *          *                                 **                    
          |  * * *    ** *                                   *  * *                        *                                                 *        
          |         *               *  *                                                                      *                      *                
          |  *                  *     *                                              *                                                      *         
          |*        *                                                                                        *                                    *   
          | *     *              *             *                                                                                                      
          |*      *                             *                                                                                                     
          |                                                                 *                                                                         
          | *                      *                                                               * *                                                
  4.6152  |                                                     *                                                                                *    
          --*-----------*------------------*-------------------------------------------------------*------------------------------------------------- 

