Plots of Runtime Information and Parameter Trends during Burnin 
========================================
=BURNIN-PERIOD===============================
STEP # 193769575  p(D|G): -1206.163 p(G): 319.291

Update Rates -- Population Splitting Times
------------------------------------------
Update Type:	NielsenWakeley		RannalaYang	
            	#Tries	#Accp	%	#Tries	#Accp	%
 t0           	9.69e7	3.52e6	3.63	9.69e7	3.30e7	34.04

Update Rates -- Genealogies
---------------------------
Update Type:	branch     		topology   		tmrca      	
            	#Tries	#Accp	%	#Tries	#Accp	%	#Tries	#Accp	%
 gtree_0      	1.94e8	6.40e6	3.30	1.94e8	5.64e6	2.91	1.94e8	4.87e4	0.03

Current Splitting Time Values
------------------------------
Split times   t0: 2.127


Autocorrelations and Effective Sample Size Estimates
----------------------------------------------------
   # Steps Between Values and Autocorrelation Estimates 
	Steps 	 Log[P]	 t0	 tmrca0
	1	 0.9745	 0.9460	 1.0000
	10	 0.8863	 0.7526	 1.0000
	50	 0.8689	 0.7105	 1.0000
	100	 0.8682	 0.7071	 1.0000
	500	 0.8661	 0.6984	 1.0000
	1000	 0.8624	 0.6898	 0.9999
	5000	 0.8624	 0.6898	 0.9999
	10000	 0.8624	 0.6898	 0.9999
	5.0e4	 0.8624	 0.6898	 0.9999
	1.0e5	 0.8624	 0.6899	 0.9999
	5.0e5	 0.8624	 0.6899	 0.9999
	1.0e6	 0.8621	 0.6900	 0.9999
	ESS	< 112	< 140	< 97
========================================

Current Step #: 193769575 

Log[P(G)+P(D|G)] trend 
  -561.6  |                      *                                                                                                                    
          |                                                                                                                                           
          |          *           *                                      *                                                                             
          |                                                                                                                                           
          |          *            *                                     *                                                                             
          |         *              *  *                                                                                                               
          |                      **     * *                               *                                                                           
          |         *                    *                                                                                                            
          |           *        * **     ***                               **                                                                          
          |                         * *       *                     *   *                                                                             
          |          *         *    *                                                                                     *                           
          |         *         *        * *                              *                 *                                                           
          |           *        *       **                                * *       *                                                                  
          |         *  *      *    *** *                                                 *                                 *                      *   
          |  *        *               *  *                               ***                              *                 *                         
          |            *       **  *          *     *               **      *                            *                   *                 *    * 
          |  *                             *                      *          *                                      *        *                        
          |                *    *   *                         *     ****     *   *       *                 *              * *                  **   * 
          |        *          *            * *        *    *   *              *                                               *                     * 
          |        *            *    *      *                 *  *                 *                       * *               **                    ** 
          |       *                           *** *       *              *  *    *                     *   *           *                         **   
          |     *            *            *    *        *            ***     **   *     *        *        *                    * *                    
          |                            *        * * *           ** *  *                   *               * *             * * **        *      *   *  
          |  *  *         * * *              *   * **      *  * * *  **           * *           *        *  *            * *          **       **  *  
          | *          *              *              * *  * * *   **          *         *  *     ** *                             *           *  **   
          |           *   ****     *        **          * *      *                **      * * *      *                 * *           *          **    
          |   *                             *         ** *  **   *              *    * **  **  *   * **       *    ** *        **  *  *    **         
          |  * * **                        *  * *     *  * *                    *  * **            *  *      * ** *  * **  *     ****  ***  *    * *  
          | * ** *      *   *                     *  **  *     **             *  *  *        * **     ** *         *    *      ** ** *   *  **        
          |     **      **                      *  *   *    *                            * *    *       *   *   *    *   *       ** **   *            
          |**  *  *     ****                     *  *                             *  *       * *  *  * **    *    *** *  *          *     ** *        
          |      **          *             *   *         *   *  *  *                ** *    **   *  *   *    *** **                   *    * **       
          |                                        * *  *      *               **      *   *   *    *     *          **                * **   *       
          |    *                                 *                              *     *       * *    *          **              *   *                 
          |*                                     *           *                 *                                                          * *         
          |   *                                                                *                               *                      *               
          |                                                                                             *                                             
-1298.7040|                                                                                                                                           
          ----------------------------------------------------------------------------------------*-----------*-------------------------------------- 

t0 trend 
   9.126  |                                         *                                                                                                 
          |                                                                                                                                           
          |                                                                                                                                           
          |                                                                                                                                           
          |                                                                                                                                           
          |                                                                                                                                           
          |                                                                                                                                           
          |                                                                                                                                           
          |                                                                                                                                           
          |                                                                                                                                           
          |                                                                                                                                           
          |                        *                                                                                                                  
          |                                                                    *       *          *                                                   
          |                                                              *                                                                            
          |                                                                                                                                           
          |      *            * *                                                 * *                                                                 
          |                            *                                          *                                                                   
          |                                                                                                          *                                
          |                          *                                                    *                                                           
          |                   *     * *               *                          *                                  *                                 
          |                                *                               *                                                                          
          |                                                                       *        *                  *                                       
          |                      *  **      *         *   *     *               *   *                          *                                      
          |                    *          *                            *                                    *            *                            
          |       *    *           **           *    *                 *                  *                     *                                     
          |            *  * *      * *    * *           *         *                                                    *         *                    
          | *                 * *     *         *   *  *                         **                         *                * * *                    
          |       *   *      *  * * *  ***    *                *   *     *       *    *                 *                   *                   *     
          |                 *  * **    * **                     *    *  * *              *    *   *         *            * **     * *   *           * 
          |            *         *     ***   *    *     **         *    * ***  *    **  *** *             *                            *         *  * 
          |*   *              *             *        *   *            *  *              *     **     *       *              ****   *  *    *  *    *  
          |    * *    *        *  *   *     *   *   *  *     *   *   * **  * *        *    *        *   *    *          *      **  *  *    **     *** 
          |  *     *  * * *        *    *     *     **      ** **    ** *   *      * *         **       **        *  * **     *   *   * **   * *   *  
          | *   **      *   *  *             * *      *   *  *     **     * *      * *  *    ** **         *  **   *     *      *   *   *   *  * *    
          | *** * **  **   * *        *    *   *** *    ** *     **  **    * * *       * *  ** **  *      **    *****      **** **  ****  **   **     
          |  * *  * **   *   *             * **         *  ** ** *  *        ** *  *       * *   *   *****  *    ******** *  *   ****    *   **  *    
          |* ***   *     * *               *     * *   *   *    **  *        ** *    ***          **   *      ****  * **  *    *     *    *   * * *   
  0.4580  |         **  ** *                  *    *  *  * *  *   *                *    * * *     ****** **    *  *      *           * * ** *         
          -----------*----*-----------------------*---------*-*--------------------------------------*-*-----*------------**-----------*---------*--- 

0_Ka trend 
   45.08  |                                                                                                       *                                   
          |                                                                                                                                           
          |                                                                                                                                           
          |                                                                                                                                           
          |                 *              *                                                                                                          
          |                           *    *                                                                                                          
          |                                                                                                        *                                  
          |                                                                                      *                                                    
          |         *       *  *                                                                                        *                             
          |                           **                                                                            *     * *      *                  
          |                                                                                         *                          * *                    
          |                   *          * *                                                     * *             *              *                     
          |              * *  *     *   * ** * *      *                                                        **              *                      
          |       *    *  *         *     *  *  *        *                                         *                    *   *  **                     
          |                      *    * *       *       *                                         *                 *             *                   
          |        *  *  *  *  *       *      *  *   * *                                                 * *  *     ** *  *    *                      
          |        **         * ** *     *                  *                                      **              * *    **                          
          |             ***    * *                         * *                                                              *     *                   
          |          **                  *  * *      *     * *                                      *      *  * *     *  *                    *       
          |          **  ***     *   *      *   **    *     *                                        *         *  *    *   * *   *           *        
          |       * *     *        *   * *   *   ****   ***                                    **        **        *   *     *      *                 
          |    *       **           * *     *  *   *    *  *  **                               *  *  *       *    *    * *    *     *                 
          |      *         *      *           *    *   *                                * *     *       *       ***           *    *           *   *  
          |      *             *  ** *    *          *        *                                 * *    * ** *         *  *   *                *     * 
          |     *  **  *          *                   *  **  *                        ***  *   *  *     * *  * *        *   * *  *             **     
          |       *         **  *    *        **            *                           * * *    *   ** * *      *  **   * * *    **        **   *    
          |    *             *                   ** *     *                            *               **   **                       *      * *   *   
          |     ***   *             *               * *        *                     **  *** *  *     *              *              *          ** *** 
          |   **                                         * *    *                      **   *          *   *                           *     * * *    
          |  *                     *        *                 *          *       *    *                                             **             *  
          |   *                                                                  *   **    *          *                                   *           
          |   *                                        *        *     **  ** ****    *         *                *                        **      *  * 
          |  * *                *                  *             *   * *  * ***** **     *   **                                      *  * *           
          | *                                                   * ****  ** *  **  ***    *   *                                           ***          
          |***               *                                  *******   **    * * *       * *                                       **** *          
          |                                                        ** * *  **** *   *         *                                 *     * *          *  
          |*                                                          *            *                                                   * *            
  2.0622  | *                                                                                                                          *              
          --------------------------------------*---*-----------------------------*--------------------------------------------------------*--------- 

