Plots of Runtime Information and Parameter Trends during Burnin 
========================================
=BURNIN-PERIOD===============================
STEP # 197232034  p(D|G): -1205.681 p(G): -12.891

Update Rates -- Population Splitting Times
------------------------------------------
Update Type:	NielsenWakeley		RannalaYang	
            	#Tries	#Accp	%	#Tries	#Accp	%
 t0           	9.86e7	4.21e6	4.27	9.86e7	3.15e7	31.97

Update Rates -- Genealogies
---------------------------
Update Type:	branch     		topology   		tmrca      	
            	#Tries	#Accp	%	#Tries	#Accp	%	#Tries	#Accp	%
 gtree_0      	1.97e8	7.23e6	3.66	1.97e8	6.36e6	3.23	1.97e8	6.24e4	0.03

Current Splitting Time Values
------------------------------
Split times   t0: 1.772


Autocorrelations and Effective Sample Size Estimates
----------------------------------------------------
   # Steps Between Values and Autocorrelation Estimates 
	Steps 	 Log[P]	 t0	 tmrca0
	1	 0.9622	 0.9399	 1.0000
	10	 0.8352	 0.7260	 1.0000
	50	 0.8092	 0.6742	 1.0000
	100	 0.8074	 0.6681	 1.0000
	500	 0.8025	 0.6490	 1.0000
	1000	 0.7969	 0.6339	 1.0000
	5000	 0.7969	 0.6339	 1.0000
	10000	 0.7969	 0.6339	 1.0000
	5.0e4	 0.7967	 0.6341	 1.0000
	1.0e5	 0.7965	 0.6343	 1.0000
	5.0e5	 0.7965	 0.6345	 1.0000
	1.0e6	 0.7968	 0.6349	 1.0000
	ESS	< 124	< 155	< 99
========================================

Current Step #: 197232034 

Log[P(G)+P(D|G)] trend 
    -765  |                                                                 *                                                                         
          |                * *          *                                                                                                             
          |              *    * *            *             *                                                                                          
          |                    *       *                                                                                                              
          |                        *                                                                                                                  
          |                 *               *                                                                                                         
          |  *            *                    *           *                                                                                          
          |                 *               *                 *                                                                                       
          |   **      *    *     *       *    *                *                                                                             *        
          |  *    *                    * *   *   *          * *          *   *                                              *                 *    *  
          |   *           *   *   *        *  *              **                        *                                            *     *           
          |                 *    *     *  *    *              *              *         * *      *   *                      *                          
          |      **                     *  ***  *                                                   *                                *                
          |    *      *      *** *                          **                        *                                          *                    
          |                 *      *    ** *        * *    *                                 *          *             *          *         *       *  
          |*   *   *                      *     *              *                      * *                                                           * 
          |   **    **              *                           *   *                    * * *  *               ** *         *    *       *           
          |             *      *              *        *  *          *                          *    *      * * *     *                               
          | *     *  **   *  *                     * * * *           *                            **  *  *  *  *  *           * *        *            
          |                      *   *           *                            *          *   *     *  ** **     *   *    *   *       * **             
          |  *     *           *      *            *  * *       *    **       **   * ** *         *    *       *        * *         *   *  *   *      
          |         *      *        * ** *             *     *   *   **              * *         **        **      **          **     * *    *        
          |     *   *    *                    ** *   *   *                ****          *        *   ** * *        *     *    * * *      ** *  *      
          |          ******       *****          *      *                  *  *     *      * **          **    *  *    *         *** * *   ****  *    
          |     *               *                 * * *      *     **    **     ***           **             ***                    *  * *  *      ** 
          | *    * *     *         *                *              *  *   * *  ** *   *     *    ** *   *         * *** ** **      *  *  *     **     
          |      ** *         *                   *      *       *     **      **  *    * *        * *       *          *     *   *       * * * *   * 
          |*    *      **         *                *      *       *    ** **       *          *      *           *          *  *      *        *  *   
          |      *                                *     *              *   *      *  *                 *   * *  *    *      *  * * **           **    
          |                                               *    * ****               *     ***             ** **        * **  *                   **   
          |  *                       **              *          *            *  **             *                 **  *    *  *                    * * 
          | *                       *                           *             *      *                                                                
          |            *                            *            *                        **           *                                              
          |                                                                      *             *                    *                         *    *  
          |                                                                        *                    *              *                              
          |                                                                                                                                           
          |                                                                                                                                           
-1318.1303|                                                                                                                                           
          ------------------------------------------------------------------------*------------------------------------------------------------------ 

t0 trend 
   7.989  |                                                                                              *                                            
          |                                                                                                                                           
          |                                                                                                                                           
          |                                         *                                                                                                 
          |                                                                                                                                           
          |                                                    *                                                                                      
          |                                                                                                                                           
          |                                               *                                                                                           
          |                                                                                                                                           
          |                                                                                                                                           
          |                                                                                                                                           
          |                                                                                                                                           
          |                                                             *         *                                                                   
          |                                                                                          *                                                
          |                                                      *                                                     *                              
          |                                                                                                                                           
          |                                                                                                                                           
          |                                             *                                                                                             
          | *                                                               *                                                                       * 
          |                                                      *    *      *                                                                        
          |                             *                    *      *                                                                                 
          |                                                                           *                   *                                           
          |                        *    *     *                                                                               *                       
          |             ** *                 *   *            * **         *         *     *             *                                *           
          |       *             *     *                           *                                                                              *    
          |            *           *           *      * *                                **         *   *                                             
          |            *            *                             *      * *                  *                                              *        
          |                  *   *     *    * *                        *             *                          *                                     
          |      *  *     *    *    *  * *     *  *                             *  **  *    **                  **     *     *                   *    
          |*      *     **                    * *    *  *           *   *        *          *  *  * *               *          *    *     * *     *   
          |* * * *     * * ** **     **           ** *       **           *  * *             ****  * **       **       * **    *  *  **      **    ** 
          |  *      *     *    *     **               **  *  *  *   ** *             ****  * ***  *   * *    *    *  *      *              *  *   **  
          | *    *      **    *  *   *     ** *   * *    *  *      * *        *         * *      *   *    ** ** *  **** ***   *    * *** *     **   * 
          | **  * *****   * ****  * * ** * * *     *  * ***    ***   ** ** ** * * *   *  **    *   **     ********   *     ***  * *       *   ***     
          |   *    * * *    *** * **           * * *  *  * ** * * **  *   *  *  ***** *  *      ** *        *     **     **  *   * ****  ****  *  **  
          |   ***     *   *      *     * *** *  **  *  *   ***     * * * *   *   * * *    ***   * *   *** * *    * *  ** *    **  *    *   *   * *  * 
          |    *** ***     *    *       **  *   *  **  * * *       *  * *  ** *   *    *        **     *            *      **  *  *    **   *   *  *  
  0.3153  | **    *   *            *      *                    *          *    *                   *   *    *     *  ** * * *   ** **        *        
          -----------------------**------------------------*----------------------------*----*------------------------------------------*------------ 

0_Ka trend 
   89.41  |                                                     *                                                                                     
          |                                                                                                                                           
          |                                                                                                                                           
          |                                                                                                                                           
          |                                                              *                                                                       *    
          |                                                                                                                                           
          |                                           *                                                                                               
          |                                            *                                                                                              
          |                                                    *                                                                                      
          |                                          *                                                                                                
          |                                   *               *          *                                   *                                        
          |                                        *    *                           *     *                                                           
          |                                    **                                  * *                                                                
          |                                                       * *    *              *     *                            *                     *    
          |                                                * *   * *    *                *   *                               **             *    * *  
          |                    *         *            *       *  * **               * *   *  *                              *     *         *  *      
          |                   * *         *        *     *        *         *            * *                 * * * *          *                *    * 
          |                   * ***           *     *   ***   *   *   *              *  *                        *        *  ***  *        *  * *     
          |                 * *       * ** *              **    **      * *     **    **   *                 *      *              *               *  
          |                    *      * **  *  *** *    ** *  **     **   ** *         ** *                         *  *       *          *    *      
          |                 ** *      *          *   *             ** *    *       *        *     *        ***    *         **    *           * * **  
          |                 *    *  *  *  *  *    ** **      * *   * *    * *    * *  *    * **    *          *   *    *    *      *      *  * *    * 
          |          *     *           **       *         *          *       **       *                *  ***    *   * *  *     *    *  *   **      * 
          |              **   *        *    *    *    *     *               ***          **      *        *     *  **        * ***      ** *     *  * 
          |                  *     * *      ***  *         **                  * *             ***   *         **        *               * **   * *   
          |                      *   *                                            *           *** **     *      *    * * * *     ** ***               
          |           *  *          *  *      *     *                             *             *   *** **  *      *    **       *   * *              
          |       *          *     **               *           *          * *  * **   *   *   *   *    ***   *         *          *   * **           
          |         * *****                                          *  * *    *     *                *             ***     *   *     *      *        
          |      ******   **        *             * *       *          *      *   *               *    *          *   * * *            *  *           
          |       ***  *          *                    **       *                            *      **    *    *                    *    *            
          |                                                            *                           *   *                              *               
          |       **              *  *    *                                          *              * *     *        *                                
          |      *     * *  *              *    *                                                          *                          *       *       
          |     *         *                                                *                         *  *                               *             
          |***  **                             *             *                                                *                *                      
          | **      *          *                       *                        *                      **                                             
  4.6314  |*  **     *                     *                                                                                                          
          --******--------------------------------------------------------------------------------*-------------------------------------------------- 

