Plots of Runtime Information and Parameter Trends during Burnin 
========================================
=BURNIN-PERIOD===============================
STEP # 156709552  p(D|G): -736.002 p(G): 107.852

Update Rates -- Population Splitting Times
------------------------------------------
Update Type:	NielsenWakeley		RannalaYang	
            	#Tries	#Accp	%	#Tries	#Accp	%
 t0           	7.84e7	6.98e7	89.03	7.84e7	4.73e7	60.34

Update Rates -- Genealogies
---------------------------
Update Type:	branch     		topology   		tmrca      	
            	#Tries	#Accp	%	#Tries	#Accp	%	#Tries	#Accp	%
 gtree_0      	1.57e8	3.61e7	23.02	1.57e8	2.56e7	16.33	1.57e8	3.76e5	0.24

Current Splitting Time Values
------------------------------
Split times   t0: 6.391


Autocorrelations and Effective Sample Size Estimates
----------------------------------------------------
   # Steps Between Values and Autocorrelation Estimates 
	Steps 	 Log[P]	 t0	 tmrca0
	1	 0.9926	 0.8397	 0.9297
	10	 0.9643	 0.2995	 0.6547
	50	 0.9460	 0.1023	 0.4856
	100	 0.9426	 0.0929	 0.4633
	500	 0.9319	 0.0739	 0.4007
	1000	 0.9209	 0.0652	 0.3580
	5000	 0.9209	 0.0652	 0.3580
	10000	 0.9209	 0.0652	 0.3581
	5.0e4	 0.9209	 0.0651	 0.3581
	1.0e5	 0.9209	 0.0651	 0.3582
	5.0e5	 0.9209	 0.0653	 0.3586
	1.0e6	 0.9209	 0.0653	 0.3589
	ESS	< 85	< 1201	< 218
========================================

Current Step #: 156709552 

Log[P(G)+P(D|G)] trend 
   342.3  |                                                                                                                 *                         
          |                                                                                                                                           
          |                                                                                                                                           
          |                                                                                                                                           
          |                  *                                                                                                    *                   
          |                                                                                                                                           
          |                                                                                                                                           
          |                                                                                                                                           
          |                                                                                                                                           
          |                                                                                                                                           
          |                                                                                                                  *                        
          |                                                                                                                                           
          |                                                                                                                 *    *    *               
          |                                                                                                                                           
          |                                 *                                                                                     *      *    *       
          |                                                                                                                   *                *      
          |                                                                                                                             *             
          |                            *                                                                                                 *            
          |                                                                     *                                            *                 *      
          |            *      *                      *                                                             *          *                       
          |   *          *                    *   *                                   *               *       *              *                        
          |                               *          *                                                                     *       *                  
          |                   **                                  **                  *               *   *    *     *                  *   *         
          |            **      *                *   * *       *                                                              *                        
          |             **            *       *       *           * *          *    *                *    *                 *      *                  
          |         *   *  *                                  *                   *                  *                   *                    *       
          | *             ** *             ***                                               *    *          *        *                         *     
          |    *  *         *            *   *  *                *   *  *       *                     *                 *         **         *        
          |  *   *  * *    *     **         * *        *            *            **               *  *           *             *    ** **   *  *      
          |       *         *    **       *   *  *    *  **    *            *    *    *                *  *     *  * **       *   *       *    *    * 
          |            *          *     **         *          *              * *   ***       * *     *   *  *       *  * *     *    ** *    *   **    
          |      ***   *        *   * *        * * *        *****    *      *             *         *                 *                *      *       
          |  **     ***        *      *      *   * **   *  **                 *  **     **                           *  **     *       * *        *   
          |***    *  *         *     *** * *    * *       *  * *** *  **  **  *       * *     * ** *   ***   *    *    * **         *    *            
          |  * **  *     *   *          *  *       **   * *  *  *    ** *          * *  *  ** *        * * **  *    *  *  *    * *    *      *   *  * 
          |*                    *  **  ** *         * *    *      ** **  *** **   * *  * **  * ** **    *  ***** *  *                     *     *  ** 
          |     *  **    ** *    * * *         *        ** **            **  *  *  * *       * ***  *     * ** ** **      **    *    **   ** *   ***  
-753.8656 | *    *    *   *     *        * *    **   * * *      *   * **    ***    * * *   **  ***  *           *   *   *       **         *  *   * * 
          ------------------*--------------------------*---*-*---*------*--*----*--------***------**-------------**-------*-----**------------------- 

t0 trend 
   9.997  |                                                                                        *                                                  
          | *      *      *          ** **        *                             *               *     *      *   *     *                  *     **    
          |                  *            **                 **  *        *  *  *                            *             *          ***             
          |      *            **  *         *     ** * *                *      *     *  * *                                               *           
          |    *                               *   *                               *     * * *    * *       *             *        *               *  
          |   *  **        *               **     *                  *              *  *                                                              
          |                   *          *           *      *                        *                        * *   **  * *                 *       * 
          |         *                 *       *       *                   *         *     *   *  *                  *     *    *     *           *    
          |  *                  *   *        *               *  *  *            *      *      *  *            *  *     *             **  *            
          |                    *                          *   *         **                                                *                  *        
          |  *     *   **        *        *   * *        *                         *           *  **           *         *  ***     *      *          
          |       *  *                 *     *      *          *           *     *             *               *  *          *    *      *            
          |                            *   *       *    *             *   *                * **                          *                            
          |                        ***                    *                                    *      *                     * *     *           *     
          |                            *              *                     **          * *          * * *     *       *               *       *      
          |      *  * *       *                     *                             *              *     *        *                    *     *          
          |           **          *                          *            *   *     *   *               *   *     *            *       *              
          |     *         *   ***                                                    *      **  *   *               *          ** *       *           
          | **   * *     *       * **         **       *           * *            *                *   **            **     *   *   *    *     *      
          |           *    *       *                              *              *    *                *   * *   **    *   *   * *                 *  
          |              *        *                                 *                       *        *                          **     *          * * 
          |   *             *  *            *  *                        *      *             *    *     *                          *         **       
          |            *                            *             *    **                *               *      *                                     
          |                      *                           *                           *                *  *        *  *              *           * 
          |            *                                       *              *       *         *                                            *        
          |    *        *    *                                         *    * * *       *            *              *         *                *    * 
          |                         *                    **   * **                                      *  *  *         *         *         *         
          |          *                * *     * *     *          *                    *             * *   *                  *                   *    
          |    *  * *       *      *            *               *     *           **  *                                          *                *   
          | * *                                     *      **       *      *               *    *                  *                    *     *    *  
          | **                              **  **    *    **   *  *  *                           *       *        *                            *     
          |    *      *     **                   *      *  *  *     *    * *           *    *                   *     *                     *     *   
          |          *          *    * *  *            * *                   * *  *                       *                              *    *       
          |              **      *               * * *             *               *                                 *      *    **                   
          |*    *   *    *            *  *              *      *     *       *                     * *     *         *             *                  
          |*               *               *     *               *     *    * *                             *                         *    **  *   *  
          |                                                           *  *           *     *                             *                       *    
  0.0768  |                                                                                                        *                                  
          ----------------*-------------*----------------*-*---------------------*-----------------------*-----------------*------------------*------ 

0_Ka trend 
   99.97  |               *                                                                                                                           
          |  *     *                     *         *      *         *      *       *       *    *           * **        *  *  *      * *        **    
          | * *     *               * *      *     **        *                      * *        *     *  *                                             
          |         *             *  *     **      *   *     *        *  *                                                ***           * *           
          |            **     *          *        *     **         *          *           *          * *     *       *      *          *      *  *    
          | **   **    *        *       *            *  *   ***  *                                  **    *            *  *               *         * 
          |     *     *        *                         *                *               *       *        *  *         *      *   *** *   *          
          |         *** *     *  *      *   *          *                               *               **                         *                   
          |            *   *       *                  *              *             * *          * *               **                           *      
          |                *     *        *  *  *                  *    *    *  *           *    **            **   *     *                           
          |        *      *               *   *  *                 **   *  *   *             *         *  *                  *              *         
          |*                   *       *  **      *             * *     *         *        *  **  *                * * * *      * *                   
          |              *           *  *                *       *   *                *      *       *               *   *          *           *     
          |      *          *         *       **    *                                               *                  *           *  *  *         *  
          |        *            *                   *          * *                *         *             *     *       *    *                  *     
          |                   *   *           **           *           *                 *         *         *                         *           *  
          | *                          *   **   *       *                   *          *      *                                   *                *  
          |*   * **                   *          *       ***   *     **         *            *     **   * *           *               *    * *        
          |    *          *     *  **    *                            *         * *  *             *              *           *         *      *      
          |         *                                 *       *   *              *  *     *                   *  *           *              *         
          |             *           *           *     *        *       *                *              *       *  *          *      *       *  *      
          |                  *   *  *               *                          * *     *  *      *    * *        *             * *            *       
          |           *      *       *                          *         *  * *     **                  * *          **             **               
          |    *         *  *      *   *             *      *            *    * *   *   *  *       *                      *        *      *      *    
          |     *           *  * *             **       *   *   * **    *          *                       **                    *    *       *       
          |   *                    *                   *                   *          *                             *            *       *    *       
          |       *                                                               *  *         *                               *           *        * 
          |  **      *                      *     *                                           *  *                   *   *      * *               * * 
          |                                      *           *            *              *                       **      *  * *           *  *        
          |          *   **   *                    *                 *        *                                                                       
          |    **      *                                      *  *                                             **                           **   **   
          |  *        *                                               *      *                 *                                *       *             
          |              *                                      *           *                   *           *      **       *    *       *     *      
          |                                          *    *                * *              *            *          *                    *         *  
          | *                  *      *       *                     *  *                     *               *             *                        * 
          |      *           *         *         *                               *                    *     *                                         
          |                *                                                       *            *                                                     
  3.3342  |                                                *                             *            *                                               
          ---------------------------------------------------------------------------------*-------------*------------------------------------------- 

