Plots of Runtime Information and Parameter Trends during Burnin 
========================================
=BURNIN-PERIOD===============================
STEP # 156592435  p(D|G): -736.687 p(G): 374.711

Update Rates -- Population Splitting Times
------------------------------------------
Update Type:	NielsenWakeley		RannalaYang	
            	#Tries	#Accp	%	#Tries	#Accp	%
 t0           	7.83e7	7.16e7	91.42	7.83e7	4.80e7	61.31

Update Rates -- Genealogies
---------------------------
Update Type:	branch     		topology   		tmrca      	
            	#Tries	#Accp	%	#Tries	#Accp	%	#Tries	#Accp	%
 gtree_0      	1.57e8	3.44e7	22.00	1.57e8	2.46e7	15.69	1.57e8	3.03e5	0.19

Current Splitting Time Values
------------------------------
Split times   t0: 6.312


Autocorrelations and Effective Sample Size Estimates
----------------------------------------------------
   # Steps Between Values and Autocorrelation Estimates 
	Steps 	 Log[P]	 t0	 tmrca0
	1	 0.9927	 0.8217	 0.9268
	10	 0.9649	 0.2261	 0.6409
	50	 0.9473	 0.0205	 0.4771
	100	 0.9436	 0.0144	 0.4536
	500	 0.9315	 0.0124	 0.4161
	1000	 0.9242	 0.0126	 0.3862
	5000	 0.9242	 0.0126	 0.3862
	10000	 0.9242	 0.0126	 0.3863
	5.0e4	 0.9242	 0.0125	 0.3863
	1.0e5	 0.9242	 0.0126	 0.3863
	5.0e5	 0.9242	 0.0127	 0.3866
	1.0e6	 0.9242	 0.0125	 0.3869
	ESS	< 85	8040870	< 203
========================================

Current Step #: 156592435 

Log[P(G)+P(D|G)] trend 
   435.6  |                                                                                                       *                                   
          |                                                                                                                                           
          |                                                                                                                                           
          |                                                                                                          *                                
          |                                                                                                                                           
          |                                                                                                                                           
          |                                                                                                                                           
          |                                                                                                            *                              
          |                                                                                                                                           
          |                                                                                                                                           
          |                                                                                                                                        *  
          |                                                                                                                                         * 
          |                                                     *                                                                                     
          |                                                     *                                                                                     
          |                                                                                                                                           
          |      *                                                                                                                                    
          |                                                                                                       *                                   
          |  *                                                                                                       * *                              
          |                                                                              *                           * *         *                    
          |            *                                                                                                                              
          |           *                                             ***        *         *                             *                              
          |    *                            *                        *                    *                           *                            ** 
          |              *                                         *                                                                                  
          |               *                                    *                         *                        *                                 * 
          |      *    *                   **          *                      *                                                                     *  
          |           *     * *  *    *             *           *                         **                         *         *                   *  
          |           *     *                                   * *                                                   *                             * 
          |             *   *       *      *     *  * *            **       *   *                        **       *   *            *       **  *      
          |    *  *             *   * *                 *  *           * *   **     **     *  *        ** ***      *          *            **         
          |         *    *          **  * ** * ** **    ***  * * *      *  *    *   *     *    *         **    * *  *    *     * *    *    **         
          |  *     *    *     *   *  * *            *   ***            *     * *   *    *       *      **   *             ***             *    *      
          |   **  * *    *     *   *  **      *  **      ****      *  *   *   *     ***   *           *     * * *        *   *** **   *  **           
          |     *   **     *    *  *   * *     **       *     *    *      *** **  *        **** *  * *  ** * *   *               ** *     *   * *     
          |      *          **   *      *          *****         ** **     *       *  * *   *   *    * *   * *  *       *       *   *  **        **   
          |**    ** *     *  * *          * **              * *       * * **     **  *  *  *  *  ** *         **          *        *     *            
          | * *    *    ** * * ** **     *       * *   *    ***  **      *  *    ***   *    ** ****  *        ** * **   * * ***     * * **       *    
          |    ** *  * *  *      *      *     * **** *   * * * * *               *     *     * * **         **  *   *    ** *        *       *** *    
-749.3052 |* **    *   *      ** **      *  *   *      *   *  *        ***    * *     * *      *  *** *        *           ***    ******    ***** *   
          ----------------------------------*-*------*---------------------------------------*-----*--**-----*------*-----------*-*----*-----*----*-- 

t0 trend 
   9.974  |                                                                                                                             *             
          |        *                                       *     *                                                  *         *  *       *    *       
          |         *   *        *  *                                 *               *                   **                                          
          |   *      *       *    *   *    *  *    *            *          *     *  *                                    *                        *   
          |       * *                    *                    *        *          *           *                           *                           
          |             * *     *       *                    *          * *     *  *   *  **                            **             *        *     
          | *               *               *   *          **       **     *            * *    *             * *  *   *      *                        
          | *     *             *                                      *        **         *                   * **  *                      * *    *  
          |            * *                          *      * *    *                  *                      * * **    **  *                           
          |                      *                     *            **            *       *  *  *      *      *            *    *   * *   *    *    * 
          |              *       *        *    *       *  * *         *                    *   *        *          **                                 
          |       *                                   *                                         *   *   *               *   *  *   *  *               
          |        *      *  *      *                         *         **               **                         *                                 
          |   *  *                  *    *            * *        *                              **                                 *     * **         
          |  *             *  **          *        ****  *         *                  *        *   *      *                *       *           *  *   
          |                   *                              *            *            *    *   *              *                    *                 
          |  *   * *          **          * *           *          *               *               *      **         *   *        *         *       * 
          |               *        *   * * **    *                             *                      *         *    *           *   *                
          |                          **                 *               *    **       *                     *          *               *           *  
          |     *                               *        *                   *        *  *                   *** *                     *   * *   *    
          |      *               *  *       *  *          *     *         *          *  *              * *   *    *            *          *   *       
          |  * *         *         *            *  * *      *   **          *           *     *      *     *                 *                      * 
          |         *       *      *       *     *               *                      *   *               *     *               *  *  **            
          |    *      *    *           *         *                *  *          *                    *  *                    **     *               * 
          |   *       *               *  *       **        *                * *    *          *   * *                * *    *                *   * *  
          |                            *   *   *             *        *  *                 *     *    *                       **      *         *  *  
          |     *                                   *          *                *            * * *  **             *      *     *                     
          |           * *   *                                                      **                    **                *    *              * *    
          |     *                    *          *      *       *           *   *         *               *            *     *     *    ** *           
          | *  *      *   *  *    *     *     *          *          **  *     *                      *          *      *     *   *        *   *       
          |      *   *   *            *                  *                 * **                    *  *             *     *      *   *       *   *    
          | *     *    *                     *     *                              *                *   *           *                                  
          |*                   *             *                     *     *                        *    *                 *               * **         
          |         *  *                      *                              *              *                                     *                   
          |          * *       *                  * *         * * **      *      **               *                                             *     
          |                     *  *   *     *                **      *     *        *                          *                                 *   
          |                                                                         *  *     *    *         *               *                         
  0.4748  |                                          *    *                          *                                         *                      
          ------------------*-*---------------*------------------------------------------------------------------------------------------------------ 

0_Ka trend 
   99.98  |                                                                       *                                                                   
          |        *                             *       *    *          *    *         * *   *    *             *       *            *             * 
          |           *               *   *       *     *                            *                  *    *     * * *     *           *            
          | *            *          *    * *     *      **                                *  *              *              *             *  *      *  
          |  *   *            *    *        *   *  *  *   **   *                   *                                          *                    *  
          |     *            *   *      *  *   *         *           *       **          *                      *  *                      * *         
          |   **                              *   * * * *              *                                  *       *                   **              
          |   **     *                    *                  *        *         *    *          **    *           *       *          *         *      
          |               *            *           *               *   *    **  *       *     *                                   * *   *      *      
          | *       *                    * *   *                                   *  *              *       *            *  *   *         **     *   
          |            *          *             *    *            *              *                 * *                *         *                     
          |  *   *     **            ** *        *              *         *             **    *     *                 **        *         ** *     *  
          |          *            *                           *     **           *        ***              *     *  *    *       *     *      *       
          |                                          * *          *                * *     **          *   *         *      * **          *  *      * 
          |            *   *   *            * *                *   * *   * **     *   *        *   *         *  *         *                           
          |  *                  *  **         *               *  *      *         *              *     *    *  *         *     *                      
          |*        **              *          *      *               *    *                         *  ** * *                            *           
          |    *  *   *        * *     *      *         *  *             * *                    * **      *    *  *     *   *            *       *    
          |      *                                 *      * *          *                 * *        *           *   * **    * **  *                   
          |       **           **  *    *                    *                    *            *                   **  *                              
          |     *   *     *     * *          *                  *     *               *      *  *        *        *              *                    
          |   *       *  *  **           *  *                     *                                     *            *               * * * *   **     
          |       *      *  *               **  **         *        *   *              *    **                       *                      *         
          | *              *     *    *   *            *     *      **    *            *       *      *                      * *  * *         *       
          |       *                *                **             *    *      *                          *                      *           *  **  * 
          |             * *   **                      *   **  *    *                **                        *             *     *           *       
          |    *                                *   *  *                *     ***   * *                *        **                    * *       *     
          |            *            *  *          *                                    *   *                *                *     ***                
          |             *   *        *       *                                            *       *  **                         *  *                  
          |           *  *       *                                        * *                   *        *    **                   *   *              
          |                   *          *               *                *  *  *   *             *                     *               *        *  * 
          |               *            *                                                         **                      *                    **      
          |                  *        *                     *  * *    *        *             *      *     * *                         *            *  
          |**                                                    *            *         *      *       *                                              
          |     *                                            *  **                                      *                  *                     *    
          |        **      **                      *            *          * *   * *                                                              *   
          |                                                                                                                                       *   
  3.0764  |                   *                     *                                                                                                 
          -------*--------------------------------------------------------------------------------------------*-----*-------------------------------- 

